15-09-2020 01:15:47	This log contains information about the import schema operation into project 'StriveTenantQA' on computer 'TELLLAP56' by user 'zmohamed'.
15-09-2020 01:15:47	Import of database schema has started.
15-09-2020 01:15:55	Gathering database credentials
15-09-2020 01:15:55	Gathering database options
15-09-2020 01:15:55	Gathering generic database scoped configuration option
15-09-2020 01:15:55	Gathering users
15-09-2020 01:15:55	Gathering roles
15-09-2020 01:15:55	Gathering application roles
15-09-2020 01:15:55	Gathering role memberships
15-09-2020 01:15:55	Gathering filegroups
15-09-2020 01:15:55	Gathering full-text catalogs
15-09-2020 01:15:55	Gathering assemblies
15-09-2020 01:15:55	Gathering certificates
15-09-2020 01:15:55	Gathering asymmetric keys
15-09-2020 01:15:55	Gathering symmetric keys
15-09-2020 01:15:55	Gathering encrypted symmetric keys
15-09-2020 01:15:55	Gathering schemas
15-09-2020 01:15:55	Gathering XML schema collections
15-09-2020 01:15:55	Gathering user-defined data types
15-09-2020 01:15:55	Gathering user-defined types
15-09-2020 01:15:55	Gathering table types
15-09-2020 01:15:55	Gathering unique keys for table types
15-09-2020 01:15:55	Gathering primary keys for table types
15-09-2020 01:15:55	Gathering indexes for table types
15-09-2020 01:15:55	Gathering check constraints for table types
15-09-2020 01:15:55	Gathering default constraints for table types
15-09-2020 01:15:55	Gathering partition functions
15-09-2020 01:15:55	Gathering partition schemes
15-09-2020 01:15:55	Gathering functions
15-09-2020 01:15:55	Gathering encrypted functions
15-09-2020 01:15:55	Gathering aggregates
15-09-2020 01:15:55	Gathering procedures
15-09-2020 01:15:55	Gathering encrypted procedures
15-09-2020 01:15:55	Gathering tables
15-09-2020 01:15:55	Gathering primary keys
15-09-2020 01:15:55	Gathering unique constraints
15-09-2020 01:15:55	Gathering foreign keys
15-09-2020 01:15:56	Gathering default constraints
15-09-2020 01:15:56	Gathering check constraints
15-09-2020 01:15:56	Gathering views
15-09-2020 01:15:56	Gathering encrypted views
15-09-2020 01:15:56	Gathering indexes
15-09-2020 01:15:56	Gathering statistics
15-09-2020 01:15:56	Gathering full-text index stoplists
15-09-2020 01:15:56	Gathering search property lists
15-09-2020 01:15:56	Gathering search properties
15-09-2020 01:15:56	Gathering full-text indexes
15-09-2020 01:15:56	Gathering column store indexes
15-09-2020 01:15:56	Gathering spatial indexes
15-09-2020 01:15:56	Gathering XML indexes
15-09-2020 01:15:56	Gathering Selective XML indexes
15-09-2020 01:15:56	Gathering encrypted triggers
15-09-2020 01:15:56	Gathering triggers
15-09-2020 01:15:56	Gathering encrypted and clr ddl triggers
15-09-2020 01:15:56	Gathering ddl triggers
15-09-2020 01:15:56	Gathering synonyms
15-09-2020 01:15:56	Gathering defaults
15-09-2020 01:15:56	Gathering data constraint uddt bindings
15-09-2020 01:15:56	Gathering rules
15-09-2020 01:15:56	Gathering data constraint uddt bindings
15-09-2020 01:15:56	Gathering message types
15-09-2020 01:15:56	Gathering queues
15-09-2020 01:15:56	Gathering contracts
15-09-2020 01:15:56	Gathering services
15-09-2020 01:15:56	Gathering event notifications
15-09-2020 01:15:56	Gathering remote service bindings
15-09-2020 01:15:56	Gathering broker priorities
15-09-2020 01:15:56	Gathering signatures
15-09-2020 01:15:56	Gathering data compression options
15-09-2020 01:15:56	Gathering sequence types
15-09-2020 01:15:56	Gathering security policies
15-09-2020 01:15:56	Gather column encryption keys
15-09-2020 01:15:56	Gathering column master keys
15-09-2020 01:15:56	Gathering external data sources
15-09-2020 01:15:56	Gathering external file formats
15-09-2020 01:15:56	Gathering external tables
15-09-2020 01:15:56	Gathering extended properties
15-09-2020 01:15:56	Scanning project for duplicate elements
15-09-2020 01:15:56	Finished duplicate element processing
15-09-2020 01:15:59	Finished importing database.
15-09-2020 01:15:59	A summary of the import was saved to the following location: E:\Projects\Mammoth\Strive\Sourcecode\Database\StriveTenantQA\StriveTenantQA\Import Schema Logs\StriveTenantQA_20200914074547.log
15-09-2020 01:15:59	Click Finish to continue...
